<?xml version="1.0" encoding="UTF-8"?><testsuites failures="1" name="dependency-check" tests="2"><testsuite failures="1" errors="0" time="0" id="0" name="/home/runner/.m2/repository/org/clojure/clojure/1.12.0/clojure-1.12.0.jar" package="clojure-1.12.0.jar" skipped="0" tests="1" timestamp="2025-06-03T03:14:10.041020442"><testcase classname="CVE-2024-22871" name="pkg:maven/org.clojure/clojure@1.12.0"><failure message="cvssV3: HIGH, score: 7.5 (CVSS:3.1/AV:N/AC:L/PR:N/UI:N/S:U/C:N/I:N/A:H/E:3.9/RC:R/MAV:A)"/><system-out>An issue in Clojure versions 1.20 to 1.12.0-alpha5 allows an attacker to cause a denial of service (DoS) via the clojure.core$partial$fn__5920 function.</system-out><system-err>location: /home/runner/.m2/repository/org/clojure/clojure/1.12.0/clojure-1.12.0.jar, project-references: [  ]</system-err></testcase></testsuite><testsuite failures="0" errors="0" time="0" id="1" name="/home/runner/.m2/repository/org/clojure/core.specs.alpha/0.4.74/core.specs.alpha-0.4.74.jar" package="core.specs.alpha-0.4.74.jar" skipped="0" tests="1" timestamp="2025-06-03T03:14:10.041020442"><testcase classname="dependency-check" name="core.specs.alpha-0.4.74.jar"/></testsuite><testsuite failures="0" errors="0" time="0" id="2" name="/home/runner/.m2/repository/org/clojure/spec.alpha/0.5.238/spec.alpha-0.5.238.jar" package="spec.alpha-0.5.238.jar" skipped="0" tests="1" timestamp="2025-06-03T03:14:10.041020442"><testcase classname="dependency-check" name="spec.alpha-0.5.238.jar"/></testsuite></testsuites>